2020-04-10 16:21:55,239 - utils - INFO - Running Simulated Linear(linear.ini)...
2020-04-10 16:23:38,320 - utils - INFO - The best valid c-index: 0.7787218145430287
2020-04-10 16:23:38,320 - utils - INFO - 
2020-04-10 16:23:38,320 - utils - INFO - Running Simulated Nonlinear(gaussian.ini)...
2020-04-10 16:24:17,832 - utils - INFO - The best valid c-index: 0.5005123415610407
2020-04-10 16:24:17,833 - utils - INFO - 
2020-04-10 16:24:17,833 - utils - INFO - Running WHAS(whas.ini)...
2020-04-10 16:24:53,124 - utils - INFO - The best valid c-index: 0.8449728673025717
2020-04-10 16:24:53,125 - utils - INFO - 
2020-04-10 16:24:53,125 - utils - INFO - Running SUPPORT(support.ini)...
2020-04-10 16:33:32,915 - utils - INFO - The best valid c-index: 0.6173979652937414
2020-04-10 16:33:32,924 - utils - INFO - 
2020-04-10 16:33:32,924 - utils - INFO - Running METABRIC(metabric.ini)...
2020-04-10 16:33:47,937 - utils - INFO - The best valid c-index: 0.6371630149173443
2020-04-10 16:33:47,938 - utils - INFO - 
2020-04-10 16:33:47,938 - utils - INFO - Running Simulated Treatment(treatment.ini)...
2020-04-10 16:34:41,391 - utils - INFO - The best valid c-index: 0.5599653102068045
2020-04-10 16:34:41,391 - utils - INFO - 
2020-04-10 16:34:41,391 - utils - INFO - Running Rotterdam & GBSG(gbsg.ini)...
2020-04-10 16:35:21,385 - utils - INFO - The best valid c-index: 0.670171035229049
2020-04-10 16:35:21,386 - utils - INFO - 
2020-04-10 16:35:21,386 - utils - INFO - +------------------+---------------------+----------+----------+----------+---------------------+------------------+
| Simulated Linear | Simulated Nonlinear |   WHAS   | SUPPORT  | METABRIC | Simulated Treatment | Rotterdam & GBSG |
+------------------+---------------------+----------+----------+----------+---------------------+------------------+
|     0.778722     |       0.500512      | 0.844973 | 0.617398 | 0.637163 |       0.559965      |     0.670171     |
+------------------+---------------------+----------+----------+----------+---------------------+------------------+
